
> @morphik/ui@0.4.1 dev
> next dev

  ▲ Next.js 14.2.30
  - Local:        http://localhost:3000
  - Environments: .env.local

 ✓ Starting...
 ✓ Ready in 1560ms
 ✓ Compiled /middleware in 255ms (72 modules)
 ○ Compiling / ...
 ✓ Compiled / in 1602ms (529 modules)
 GET / 200 in 1898ms
 ✓ Compiled in 292ms (258 modules)
 ✓ Compiled /favicon.ico in 189ms (303 modules)
 GET /favicon.ico 200 in 247ms
 ○ Compiling /documents ...
 ✓ Compiled /documents in 1564ms (996 modules)
 GET /favicon.ico 200 in 1505ms
 GET / 200 in 178ms
 GET /favicon.ico 200 in 24ms
DocumentsSection rendered: #1
DocumentsSection: Input apiBaseUrl: http://localhost:8000
 GET /documents 200 in 133ms
 GET /favicon.ico 200 in 15ms
 GET /favicon.ico 200 in 22ms
DocumentsSection rendered: #2
DocumentsSection: Input apiBaseUrl: http://localhost:8000
 GET /documents 200 in 49ms
 GET /favicon.ico 200 in 8ms
DocumentsSection rendered: #3
DocumentsSection: Input apiBaseUrl: http://localhost:8000
 GET /documents 200 in 36ms
 GET /favicon.ico 200 in 15ms
 GET /favicon.ico 200 in 16ms
DocumentsSection rendered: #4
DocumentsSection: Input apiBaseUrl: http://localhost:8000
 GET /documents 200 in 36ms
 GET /favicon.ico 200 in 14ms
 GET /favicon.ico 200 in 4ms
 ○ Compiling /chat ...
 ✓ Compiled /chat in 2.6s (2772 modules)
 ✓ Compiled /settings in 462ms (2798 modules)
 GET /settings 200 in 108ms
 GET /favicon.ico 200 in 77ms
 GET /favicon.ico 200 in 14ms
 GET /settings 200 in 44ms
 GET /favicon.ico 200 in 6ms
 GET /favicon.ico 200 in 5ms
 ○ Compiling /_not-found ...
 ✓ Compiled /_not-found in 798ms (2797 modules)
 GET /.well-known/appspecific/com.chrome.devtools.json 404 in 864ms
All models (server + custom): []
 GET /chat 200 in 1136ms
 GET /favicon.ico 200 in 60ms
 GET /.well-known/appspecific/com.chrome.devtools.json 404 in 34ms
 GET /favicon.ico 200 in 61ms
All models (server + custom): []
 GET /chat 200 in 467ms
 GET /.well-known/appspecific/com.chrome.devtools.json 404 in 53ms
 GET /favicon.ico 200 in 89ms
 GET /favicon.ico 200 in 14ms
All models (server + custom): []
 GET /chat 200 in 69ms
 GET /favicon.ico 200 in 8ms
 GET /favicon.ico 200 in 15ms
All models (server + custom): []
 GET /chat 200 in 52ms
 GET /favicon.ico 200 in 7ms
All models (server + custom): []
 GET /chat 200 in 56ms
 GET /favicon.ico 200 in 14ms
All models (server + custom): []
 GET /chat 200 in 74ms
 GET /favicon.ico 200 in 9ms
 GET /favicon.ico 200 in 10ms
 GET /.well-known/appspecific/com.chrome.devtools.json 404 in 77ms
All models (server + custom): []
 GET /chat 200 in 116ms
 GET /.well-known/appspecific/com.chrome.devtools.json 404 in 21ms
 GET /favicon.ico 200 in 61ms
 GET /favicon.ico 200 in 80ms
 ○ Compiling / ...
 ✓ Compiled / in 10.9s (1403 modules)
 GET / 200 in 11681ms
 GET / 200 in 226ms
 ○ Compiling /favicon.ico ...
 ✓ Compiled /favicon.ico in 1016ms (1435 modules)
 GET /favicon.ico 200 in 1195ms
 GET / 200 in 342ms
 GET /favicon.ico 200 in 55ms
 ○ Compiling /login ...
 ✓ Compiled /login in 838ms (2805 modules)
 GET /login?from=%2F 200 in 907ms
 GET /favicon.ico 200 in 30ms
 GET /favicon.ico 200 in 24ms
 ✓ Compiled /api/auth/login in 250ms (1465 modules)
 POST /api/auth/login 404 in 333ms
 POST /api/auth/login 404 in 36ms
 POST /api/auth/login 404 in 19ms
 POST /api/auth/login 404 in 39ms
 ✓ Compiled /register in 372ms (2836 modules)
 ✓ Compiled /api/auth/register in 226ms (1429 modules)
 POST /api/auth/register 404 in 292ms
 POST /api/auth/register 404 in 51ms
 POST /api/auth/login 404 in 70ms
 GET /login?from=%2Fdocuments 200 in 104ms
 ✓ Compiled /favicon.ico in 417ms (1458 modules)
 GET /favicon.ico 200 in 471ms
 GET /favicon.ico 200 in 9ms
 GET /login?from=%2Fdocuments 200 in 70ms
 GET /favicon.ico 200 in 19ms
 GET /favicon.ico 200 in 4ms
 GET /login?from=%2Fdocuments 200 in 51ms
 GET /favicon.ico 200 in 14ms
 GET /favicon.ico 200 in 4ms
 GET /login?from=%2Fdocuments 200 in 30ms
 GET /favicon.ico 200 in 12ms
 GET /favicon.ico 200 in 6ms
 POST /api/auth/login 404 in 62ms
 GET /login?from=%2F 200 in 40ms
 GET /favicon.ico 200 in 29ms
 GET /favicon.ico 200 in 14ms
 POST /api/auth/login 404 in 92ms
 GET /login?from=%2F 200 in 43ms
 GET /favicon.ico 200 in 37ms
 GET /login?from=%2F 200 in 33ms
 GET /favicon.ico 200 in 23ms
 GET /login?from=%2F 200 in 65ms
 GET /favicon.ico 200 in 13ms
 GET /login?from=%2F 200 in 28ms
 GET /favicon.ico 200 in 28ms
 GET /favicon.ico 200 in 30ms
 GET /login?from=%2F 200 in 94ms
 GET /favicon.ico 200 in 38ms
 GET /login?from=%2F 200 in 51ms
 GET /favicon.ico 200 in 14ms
 GET /favicon.ico 200 in 10ms
 GET /login?from=%2F.well-known%2Fresource-that-should-not-exist-whose-status-code-should-not-be-200 200 in 41ms
 GET /login?from=%2F.well-known%2Fchange-password 200 in 52ms
 GET /login?from=%2F 200 in 22ms
 GET /favicon.ico 200 in 37ms
 GET /login 200 in 90ms
 GET /favicon.ico 200 in 38ms
 GET /favicon.ico 200 in 8ms
 POST /api/auth/login 200 in 100ms
DocumentsSection rendered: #1
DocumentsSection: Input apiBaseUrl: http://localhost:8000
 GET /documents 200 in 200ms
 GET /favicon.ico 200 in 23ms
 GET /favicon.ico 200 in 8ms
All models (server + custom): []
 GET /chat 200 in 694ms
 GET /favicon.ico 200 in 39ms
All models (server + custom): []
 GET /chat 200 in 44ms
 GET /favicon.ico 200 in 28ms
All models (server + custom): []
 GET /chat 200 in 66ms
 GET /favicon.ico 200 in 39ms
 GET /favicon.ico 200 in 14ms
All models (server + custom): []
 GET /chat 200 in 459ms
 GET /favicon.ico 200 in 76ms
 GET /favicon.ico 200 in 16ms
All models (server + custom): []
 GET /chat 200 in 104ms
 GET /favicon.ico 200 in 29ms
 GET /favicon.ico 200 in 36ms
 ✓ Compiled in 3.9s (2780 modules)
All models (server + custom): []
 GET /chat 200 in 581ms
 ○ Compiling /favicon.ico ...
 ✓ Compiled /favicon.ico in 539ms (1431 modules)
 GET /favicon.ico 200 in 698ms
 GET /favicon.ico 200 in 195ms
All models (server + custom): []
 GET /chat 200 in 551ms
 GET /favicon.ico 200 in 87ms
 ○ Compiling /_not-found ...
 ✓ Compiled /_not-found in 623ms (2801 modules)
 GET /.well-known/appspecific/com.chrome.devtools.json 404 in 690ms
All models (server + custom): []
 GET /chat 200 in 923ms
 GET /favicon.ico 200 in 79ms
 GET /favicon.ico 200 in 13ms
 GET /.well-known/appspecific/com.chrome.devtools.json 404 in 57ms
All models (server + custom): []
 GET /chat 200 in 325ms
 GET /favicon.ico 200 in 73ms
 GET /favicon.ico 200 in 21ms
All models (server + custom): []
 GET /chat 200 in 84ms
 GET /favicon.ico 200 in 29ms
 GET /favicon.ico 200 in 6ms
 ○ Compiling /search ...
 ✓ Compiled /search in 3.1s (2789 modules)
