
> @morphik/ui@0.4.1 dev
> next dev

  ▲ Next.js 14.2.30
  - Local:        http://localhost:3000
  - Environments: .env.local

 ✓ Starting...
 ✓ Ready in 2.1s
 ○ Compiling /chat ...
 ✓ Compiled /chat in 5.3s (2682 modules)
All models (server + custom): []
 GET /chat 200 in 6128ms
 ○ Compiling /favicon.ico ...
 ✓ Compiled /favicon.ico in 2.8s (2696 modules)
 GET /favicon.ico 200 in 2197ms
 ○ Compiling /documents ...
 ✓ Compiled /documents in 565ms (2769 modules)
DocumentsSection rendered: #1
DocumentsSection: Input apiBaseUrl: http://localhost:8000
 GET /documents 200 in 690ms
 GET /favicon.ico 200 in 33ms
 ✓ Compiled /_not-found in 256ms (2772 modules)
 GET /assets/placeholder-user.jpg 404 in 328ms
 ✓ Compiled / in 200ms (2779 modules)
DocumentsSection rendered: #1
DocumentsSection: Input apiBaseUrl: http://localhost:8000
 GET /documents 200 in 213ms
 GET /favicon.ico 200 in 46ms
 GET /assets/placeholder-user.jpg 404 in 74ms
 GET /.well-known/appspecific/com.chrome.devtools.json 404 in 78ms
All models (server + custom): []
 GET /chat 200 in 484ms
 GET /favicon.ico 200 in 26ms
 GET /assets/placeholder-user.jpg 404 in 28ms
 GET /.well-known/appspecific/com.chrome.devtools.json 404 in 2071ms
All models (server + custom): []
 GET /chat 200 in 236ms
 GET /favicon.ico 200 in 79ms
 GET /assets/placeholder-user.jpg 404 in 120ms
All models (server + custom): []
 GET /chat 200 in 101ms
 GET /favicon.ico 200 in 28ms
 GET /assets/placeholder-user.jpg 404 in 37ms
 GET /favicon.ico 200 in 8ms
 GET /.well-known/appspecific/com.chrome.devtools.json 404 in 419ms
All models (server + custom): []
 GET /chat 200 in 354ms
 GET /favicon.ico 200 in 95ms
 GET /assets/placeholder-user.jpg 404 in 138ms
 GET /favicon.ico 200 in 30ms
 GET /.well-known/appspecific/com.chrome.devtools.json 404 in 172ms
All models (server + custom): []
 GET /chat 200 in 220ms
 GET /.well-known/appspecific/com.chrome.devtools.json 404 in 96ms
 GET /favicon.ico 200 in 54ms
 GET /favicon.ico 200 in 32ms
 GET /assets/placeholder-user.jpg 404 in 90ms
 ○ Compiling /connections ...
 ✓ Compiled /connections in 2.2s (2782 modules)
 GET /connections 200 in 504ms
 ✓ Compiled /favicon.ico in 387ms (1443 modules)
 GET /favicon.ico 200 in 429ms
 GET /assets/placeholder-user.jpg 404 in 103ms
 GET /connections 200 in 61ms
 GET /favicon.ico 200 in 11ms
 GET /assets/placeholder-user.jpg 404 in 40ms
 ○ Compiling /settings ...
 ✓ Compiled /settings in 686ms (2838 modules)
 GET /settings 200 in 852ms
 GET /favicon.ico 200 in 39ms
 GET /assets/placeholder-user.jpg 404 in 20ms
DocumentsSection rendered: #1
DocumentsSection: Input apiBaseUrl: http://localhost:8000
 GET /documents 200 in 102ms
 GET /favicon.ico 200 in 16ms
 GET /assets/placeholder-user.jpg 404 in 29ms
All models (server + custom): []
 GET /chat 200 in 577ms
 GET /favicon.ico 200 in 46ms
 GET /assets/placeholder-user.jpg 404 in 67ms
 GET /settings 200 in 71ms
 GET /favicon.ico 200 in 18ms
 GET /assets/placeholder-user.jpg 404 in 16ms
All models (server + custom): []
 GET /chat 200 in 124ms
 GET /favicon.ico 200 in 24ms
 GET /assets/placeholder-user.jpg 404 in 20ms
 GET /.well-known/appspecific/com.chrome.devtools.json 404 in 82ms
All models (server + custom): []
 GET /chat 200 in 530ms
 GET /favicon.ico 200 in 79ms
All models (server + custom): []
 GET /assets/placeholder-user.jpg 404 in 407ms
 GET /chat 200 in 411ms
 GET /favicon.ico 200 in 30ms
 GET /assets/placeholder-user.jpg 404 in 48ms
All models (server + custom): []
 GET /chat 200 in 96ms
 GET /favicon.ico 200 in 14ms
 GET /favicon.ico 200 in 16ms
 GET /assets/placeholder-user.jpg 404 in 51ms
 GET /.well-known/appspecific/com.chrome.devtools.json 404 in 71ms
 GET /settings 200 in 138ms
 GET /favicon.ico 200 in 31ms
 GET /assets/placeholder-user.jpg 404 in 36ms
 GET /.well-known/appspecific/com.chrome.devtools.json 404 in 65ms
All models (server + custom): []
 GET /chat 200 in 96ms
 GET /favicon.ico 200 in 14ms
 GET /assets/placeholder-user.jpg 404 in 31ms
All models (server + custom): []
 GET /chat 200 in 52ms
 GET /favicon.ico 200 in 15ms
 GET /assets/placeholder-user.jpg 404 in 41ms
DocumentsSection rendered: #2
DocumentsSection: Input apiBaseUrl: http://localhost:8000
 GET /documents 200 in 53ms
 GET /favicon.ico 200 in 7ms
 GET /assets/placeholder-user.jpg 404 in 26ms
 GET /favicon.ico 200 in 7ms
 ○ Compiling /search ...
 ✓ Compiled /search in 1444ms (2860 modules)
All models (server + custom): []
 GET /chat 200 in 1415ms
 GET /favicon.ico 200 in 32ms
 GET /assets/placeholder-user.jpg 404 in 36ms
 GET /settings 200 in 66ms
 GET /favicon.ico 200 in 22ms
 GET /assets/placeholder-user.jpg 404 in 20ms
 GET /.well-known/appspecific/com.chrome.devtools.json 404 in 62ms
 GET /settings 200 in 60ms
 GET /favicon.ico 200 in 15ms
 GET /assets/placeholder-user.jpg 404 in 29ms
 GET /settings 200 in 62ms
 GET /favicon.ico 200 in 7ms
 GET /assets/placeholder-user.jpg 404 in 19ms
 GET /favicon.ico 200 in 12ms
DocumentsSection rendered: #1
DocumentsSection: Input apiBaseUrl: http://localhost:8000
 GET /documents 200 in 104ms
 GET /favicon.ico 200 in 17ms
 GET /assets/placeholder-user.jpg 404 in 18ms
All models (server + custom): []
 GET /chat 200 in 49ms
 GET /favicon.ico 200 in 13ms
 GET /assets/placeholder-user.jpg 404 in 45ms
 GET /.well-known/appspecific/com.chrome.devtools.json 404 in 93ms
All models (server + custom): []
 GET /chat 200 in 451ms
 GET /favicon.ico 200 in 65ms
 GET /assets/placeholder-user.jpg 404 in 108ms
 GET /favicon.ico 200 in 45ms
All models (server + custom): []
 GET /chat 200 in 244ms
 GET /.well-known/appspecific/com.chrome.devtools.json 404 in 96ms
All models (server + custom): []
 GET /chat 200 in 144ms
 GET /favicon.ico 200 in 50ms
 GET /assets/placeholder-user.jpg 404 in 104ms
 GET /favicon.ico 200 in 14ms
All models (server + custom): []
 GET /chat 200 in 75ms
 GET /favicon.ico 200 in 15ms
 GET /assets/placeholder-user.jpg 404 in 26ms
 GET /favicon.ico 200 in 13ms
All models (server + custom): []
 GET /chat 200 in 35ms
 GET /favicon.ico 200 in 19ms
 GET /assets/placeholder-user.jpg 404 in 67ms
 GET /favicon.ico 200 in 6ms
All models (server + custom): []
 GET /chat 200 in 44ms
 GET /favicon.ico 200 in 14ms
All models (server + custom): []
 GET /chat 200 in 86ms
 GET /favicon.ico 200 in 18ms
 GET /assets/placeholder-user.jpg 404 in 81ms
 GET /favicon.ico 200 in 8ms
DocumentsSection rendered: #2
DocumentsSection: Input apiBaseUrl: http://localhost:8000
 GET /documents 200 in 37ms
 GET /favicon.ico 200 in 18ms
 GET /assets/placeholder-user.jpg 404 in 33ms
 GET /settings 200 in 41ms
 GET /favicon.ico 200 in 8ms
 GET /assets/placeholder-user.jpg 404 in 16ms
 GET /.well-known/appspecific/com.chrome.devtools.json 404 in 48ms
All models (server + custom): []
 GET /chat 200 in 64ms
 GET /favicon.ico 200 in 23ms
 GET /assets/placeholder-user.jpg 404 in 26ms
All models (server + custom): []
 GET /chat 200 in 250ms
 GET /favicon.ico 200 in 98ms
 GET /favicon.ico 200 in 199ms
 GET /assets/placeholder-user.jpg 404 in 62ms
 GET /.well-known/appspecific/com.chrome.devtools.json 404 in 122ms
All models (server + custom): []
 GET /chat 200 in 165ms
 GET /favicon.ico 200 in 42ms
 GET /assets/placeholder-user.jpg 404 in 100ms
All models (server + custom): []
 GET /chat 200 in 128ms
 GET /favicon.ico 200 in 67ms
All models (server + custom): []
 GET /chat 200 in 533ms
 GET /favicon.ico 200 in 35ms
All models (server + custom): []
 GET /chat 200 in 52ms
 GET /favicon.ico 200 in 25ms
 GET /assets/placeholder-user.jpg 404 in 30ms
 GET /favicon.ico 200 in 19ms
All models (server + custom): []
 GET /chat 200 in 42ms
 GET /favicon.ico 200 in 8ms
 GET /assets/placeholder-user.jpg 404 in 28ms
 GET /.well-known/appspecific/com.chrome.devtools.json 404 in 36ms
All models (server + custom): []
 GET /chat 200 in 139ms
 GET /favicon.ico 200 in 19ms
All models (server + custom): []
 GET /chat 200 in 138ms
 GET /favicon.ico 200 in 17ms
 GET /assets/placeholder-user.jpg 404 in 53ms
All models (server + custom): []
 GET /chat 200 in 87ms
 GET /favicon.ico 200 in 14ms
 GET /assets/placeholder-user.jpg 404 in 55ms
All models (server + custom): []
 GET /chat 200 in 32ms
 GET /favicon.ico 200 in 14ms
 GET /assets/placeholder-user.jpg 404 in 37ms
 GET /favicon.ico 200 in 6ms
All models (server + custom): []
 GET /chat 200 in 89ms
 GET /favicon.ico 200 in 42ms
 GET /assets/placeholder-user.jpg 404 in 81ms
 GET /favicon.ico 200 in 23ms
All models (server + custom): []
 GET /chat 200 in 105ms
 GET /favicon.ico 200 in 192ms
 GET /assets/placeholder-user.jpg 404 in 29ms
 GET /favicon.ico 200 in 10ms
All models (server + custom): []
 GET /chat 200 in 39ms
 GET /favicon.ico 200 in 28ms
 GET /assets/placeholder-user.jpg 404 in 31ms
 GET /favicon.ico 200 in 8ms
 GET /settings 200 in 80ms
 GET /favicon.ico 200 in 11ms
 GET /assets/placeholder-user.jpg 404 in 14ms
 GET /.well-known/appspecific/com.chrome.devtools.json 404 in 106ms
 GET /settings 200 in 85ms
 GET /favicon.ico 200 in 32ms
 GET /assets/placeholder-user.jpg 404 in 22ms
 GET /settings 200 in 41ms
 GET /favicon.ico 200 in 11ms
 GET /assets/placeholder-user.jpg 404 in 15ms
 GET /favicon.ico 200 in 10ms
 GET /settings 200 in 32ms
 GET /favicon.ico 200 in 14ms
 GET /assets/placeholder-user.jpg 404 in 16ms
 GET /favicon.ico 200 in 6ms
 GET /settings 200 in 52ms
 GET /favicon.ico 200 in 14ms
 GET /assets/placeholder-user.jpg 404 in 13ms
 GET /favicon.ico 200 in 4ms
 GET /settings 200 in 27ms
 GET /favicon.ico 200 in 7ms
 GET /settings 200 in 45ms
 GET /favicon.ico 200 in 15ms
 GET /settings 200 in 20ms
 GET /favicon.ico 200 in 10ms
 GET /assets/placeholder-user.jpg 404 in 20ms
 GET /settings 200 in 74ms
 GET /settings 200 in 33ms
 GET /favicon.ico 200 in 38ms
 GET /settings 200 in 31ms
 GET /favicon.ico 200 in 20ms
 GET /assets/placeholder-user.jpg 404 in 16ms
 GET /favicon.ico 200 in 9ms
 ○ Compiling / ...
 ✓ Compiled / in 542ms (1463 modules)
 GET / 307 in 753ms
DocumentsSection rendered: #1
DocumentsSection: Input apiBaseUrl: http://localhost:8000
 GET /documents 200 in 92ms
 GET /favicon.ico 200 in 18ms
 GET /assets/placeholder-user.jpg 404 in 37ms
All models (server + custom): []
 GET /chat 200 in 441ms
 GET /favicon.ico 200 in 13ms
 GET /assets/placeholder-user.jpg 404 in 27ms
 GET /.well-known/appspecific/com.chrome.devtools.json 404 in 46ms
All models (server + custom): []
 GET /chat 200 in 72ms
 GET /favicon.ico 200 in 32ms
 GET /assets/placeholder-user.jpg 404 in 35ms
All models (server + custom): []
 GET /chat 200 in 66ms
 GET /favicon.ico 200 in 17ms
 GET /assets/placeholder-user.jpg 404 in 46ms
All models (server + custom): []
 GET /favicon.ico 200 in 26ms
 GET /chat 200 in 52ms
 GET /favicon.ico 200 in 20ms
 GET /assets/placeholder-user.jpg 404 in 93ms
All models (server + custom): []
 GET /chat 200 in 71ms
 GET /favicon.ico 200 in 6ms
 GET /assets/placeholder-user.jpg 404 in 28ms
 GET /favicon.ico 200 in 6ms
 GET /.well-known/appspecific/com.chrome.devtools.json 404 in 56ms
 GET /settings 200 in 120ms
 GET /.well-known/appspecific/com.chrome.devtools.json 404 in 42ms
 GET /favicon.ico 200 in 17ms
 GET /assets/placeholder-user.jpg 404 in 20ms
 GET /settings 200 in 63ms
 GET /favicon.ico 200 in 9ms
 GET /assets/placeholder-user.jpg 404 in 67ms
 GET /favicon.ico 200 in 9ms
 GET /settings 200 in 72ms
 GET /favicon.ico 200 in 23ms
 GET /assets/placeholder-user.jpg 404 in 24ms
 GET /favicon.ico 200 in 7ms
All models (server + custom): []
 GET /chat 200 in 31ms
 GET /favicon.ico 200 in 18ms
 GET /assets/placeholder-user.jpg 404 in 62ms
All models (server + custom): []
 GET /chat 200 in 51ms
 GET /favicon.ico 200 in 12ms
All models (server + custom): []
 GET /chat 200 in 78ms
 GET /favicon.ico 200 in 13ms
 GET /assets/placeholder-user.jpg 404 in 74ms
All models (server + custom): []
 GET /chat 200 in 49ms
 GET /favicon.ico 200 in 20ms
 GET /assets/placeholder-user.jpg 404 in 58ms
All models (server + custom): []
 GET /chat 200 in 41ms
 GET /favicon.ico 200 in 19ms
 GET /assets/placeholder-user.jpg 404 in 62ms
 GET /favicon.ico 200 in 13ms
 GET /.well-known/appspecific/com.chrome.devtools.json 404 in 73ms
All models (server + custom): []
 GET /chat 200 in 95ms
 GET /favicon.ico 200 in 19ms
 GET /assets/placeholder-user.jpg 404 in 29ms
 GET /settings 200 in 75ms
 GET /favicon.ico 200 in 5ms
 GET /assets/placeholder-user.jpg 404 in 23ms
 GET / 307 in 87ms
DocumentsSection rendered: #2
DocumentsSection: Input apiBaseUrl: http://localhost:8000
 GET /documents 200 in 54ms
 GET /favicon.ico 200 in 26ms
 GET /assets/placeholder-user.jpg 404 in 48ms
All models (server + custom): []
 GET /chat 200 in 72ms
 GET /favicon.ico 200 in 16ms
 GET /assets/placeholder-user.jpg 404 in 41ms
 GET /settings 200 in 57ms
 GET /favicon.ico 200 in 15ms
 GET /assets/placeholder-user.jpg 404 in 21ms
All models (server + custom): []
 GET /chat 200 in 78ms
 GET /favicon.ico 200 in 25ms
 GET /assets/placeholder-user.jpg 404 in 23ms
 GET /.well-known/appspecific/com.chrome.devtools.json 404 in 58ms
All models (server + custom): []
 GET /chat 200 in 91ms
 GET /assets/placeholder-user.jpg 404 in 291ms
All models (server + custom): []
 GET /chat 200 in 317ms
 GET /assets/placeholder-user.jpg 404 in 24ms
All models (server + custom): []
 GET /favicon.ico 200 in 12ms
 GET /chat 200 in 50ms
 GET /favicon.ico 200 in 10ms
 GET /assets/placeholder-user.jpg 404 in 19ms
All models (server + custom): []
 GET /chat 200 in 25ms
 GET /favicon.ico 200 in 9ms
 GET /assets/placeholder-user.jpg 404 in 42ms
All models (server + custom): []
 GET /chat 200 in 536ms
 GET /favicon.ico 200 in 455ms
 GET /assets/placeholder-user.jpg 404 in 288ms
 GET /settings 200 in 193ms
 GET /favicon.ico 200 in 59ms
 GET /assets/placeholder-user.jpg 404 in 38ms
 ○ Compiling /search ...
 ✓ Compiled /search in 1252ms (1468 modules)
All models (server + custom): []
 GET /chat 200 in 1329ms
 GET /favicon.ico 200 in 29ms
All models (server + custom): []
 GET /chat 200 in 50ms
 GET /favicon.ico 200 in 12ms
 GET /assets/placeholder-user.jpg 404 in 36ms
 GET /.well-known/appspecific/com.chrome.devtools.json 404 in 102ms
All models (server + custom): []
 GET /chat 200 in 68ms
 GET /.well-known/appspecific/com.chrome.devtools.json 404 in 26ms
 GET /favicon.ico 200 in 34ms
All models (server + custom): []
 GET /chat 200 in 81ms
 GET /.well-known/appspecific/com.chrome.devtools.json 404 in 49ms
 GET /favicon.ico 200 in 26ms
All models (server + custom): []
 GET /chat 200 in 59ms
 GET /.well-known/appspecific/com.chrome.devtools.json 404 in 20ms
 GET /favicon.ico 200 in 14ms
All models (server + custom): []
 GET /chat 200 in 57ms
 GET /.well-known/appspecific/com.chrome.devtools.json 404 in 17ms
 GET /favicon.ico 200 in 25ms
All models (server + custom): []
 GET /chat 200 in 52ms
 GET /.well-known/appspecific/com.chrome.devtools.json 404 in 20ms
 GET /favicon.ico 200 in 27ms
All models (server + custom): []
 GET /chat 200 in 42ms
 GET /.well-known/appspecific/com.chrome.devtools.json 404 in 23ms
All models (server + custom): []
 GET /chat 200 in 28ms
 GET /.well-known/appspecific/com.chrome.devtools.json 404 in 34ms
 GET /favicon.ico 200 in 30ms
All models (server + custom): []
 GET /chat 200 in 24ms
 GET /.well-known/appspecific/com.chrome.devtools.json 404 in 31ms
 GET /favicon.ico 200 in 19ms
All models (server + custom): []
 GET /chat 200 in 27ms
 GET /.well-known/appspecific/com.chrome.devtools.json 404 in 17ms
 GET /favicon.ico 200 in 10ms
All models (server + custom): []
 GET /chat 200 in 31ms
All models (server + custom): []
 GET /.well-known/appspecific/com.chrome.devtools.json 404 in 29ms
 GET /chat 200 in 52ms
 GET /.well-known/appspecific/com.chrome.devtools.json 404 in 15ms
All models (server + custom): []
 GET /favicon.ico 200 in 19ms
 GET /chat 200 in 44ms
 GET /.well-known/appspecific/com.chrome.devtools.json 404 in 26ms
 GET /favicon.ico 200 in 15ms
All models (server + custom): []
 GET /chat 200 in 25ms
 GET /.well-known/appspecific/com.chrome.devtools.json 404 in 18ms
 GET /favicon.ico 200 in 18ms
 GET /assets/placeholder-user.jpg 404 in 34ms
 GET /favicon.ico 200 in 23ms
 ✓ Compiled in 3.3s (2827 modules)
 ✓ Compiled in 1337ms (2827 modules)
 ○ Compiling / ...
 ✓ Compiled / in 706ms (1430 modules)
 GET / 307 in 893ms
 GET / 307 in 473ms
DocumentsSection rendered: #1
DocumentsSection: Input apiBaseUrl: http://localhost:8000
 GET /documents 200 in 309ms
 ○ Compiling /favicon.ico ...
 ✓ Compiled /favicon.ico in 2.1s (1462 modules)
 GET /favicon.ico 200 in 2405ms
DocumentsSection rendered: #1
DocumentsSection: Input apiBaseUrl: http://localhost:8000
 GET /documents 200 in 560ms
DocumentsSection rendered: #2
DocumentsSection: Input apiBaseUrl: http://localhost:8000
 GET /favicon.ico 200 in 57ms
 GET /documents 200 in 162ms
 GET /favicon.ico 200 in 46ms
 ○ Compiling /_not-found ...
 ✓ Compiled /_not-found in 719ms (2855 modules)
 GET /assets/placeholder-user.jpg 404 in 840ms
 GET /favicon.ico 200 in 18ms
All models (server + custom): []
 GET /chat 200 in 577ms
 GET /favicon.ico 200 in 22ms
 GET /assets/placeholder-user.jpg 404 in 33ms
All models (server + custom): []
 GET /chat 200 in 99ms
 GET /favicon.ico 200 in 32ms
 GET /assets/placeholder-user.jpg 404 in 63ms
 GET /favicon.ico 200 in 19ms
 GET /.well-known/appspecific/com.chrome.devtools.json 404 in 214ms
 GET /settings 200 in 276ms
 GET /favicon.ico 200 in 62ms
 GET /assets/placeholder-user.jpg 404 in 38ms
 GET /.well-known/appspecific/com.chrome.devtools.json 404 in 64ms
 GET /settings 200 in 77ms
 GET /.well-known/appspecific/com.chrome.devtools.json 404 in 77ms
 GET /favicon.ico 200 in 16ms
 GET /settings 200 in 37ms
 GET /.well-known/appspecific/com.chrome.devtools.json 404 in 72ms
 GET /favicon.ico 200 in 13ms
 GET /assets/placeholder-user.jpg 404 in 30ms
 GET /favicon.ico 200 in 8ms
 GET /settings 200 in 77ms
 GET /.well-known/appspecific/com.chrome.devtools.json 404 in 21ms
 GET /favicon.ico 200 in 61ms
 GET /assets/placeholder-user.jpg 404 in 18ms
 GET /favicon.ico 200 in 10ms
 GET /settings 200 in 60ms
 GET /favicon.ico 200 in 9ms
 GET /favicon.ico 200 in 20ms
 GET /assets/placeholder-user.jpg 404 in 17ms
 GET /favicon.ico 200 in 7ms
 ○ Compiling /search ...
 ✓ Compiled /search in 1265ms (1468 modules)
 GET /search 200 in 1764ms
 GET /favicon.ico 200 in 55ms
 GET /assets/placeholder-user.jpg 404 in 64ms
 GET /settings 200 in 82ms
 GET /favicon.ico 200 in 5ms
 GET /favicon.ico 200 in 10ms
 GET /assets/placeholder-user.jpg 404 in 14ms
 GET /favicon.ico 200 in 5ms
 GET /search 200 in 66ms
 GET /favicon.ico 200 in 6ms
 GET /assets/placeholder-user.jpg 404 in 31ms
All models (server + custom): []
 GET /chat 200 in 540ms
 GET /favicon.ico 200 in 10ms
 GET /assets/placeholder-user.jpg 404 in 19ms
 ✓ Compiled in 3s (2813 modules)
 ✓ Compiled in 1240ms (2813 modules)
 ✓ Compiled in 490ms (1404 modules)
 ✓ Compiled in 901ms (2813 modules)
 ✓ Compiled in 1598ms (2813 modules)
 ✓ Compiled in 1591ms (2813 modules)
 ⚠ Fast Refresh had to perform a full reload. Read more: https://nextjs.org/docs/messages/fast-refresh-reload
 ⚠ Fast Refresh had to perform a full reload. Read more: https://nextjs.org/docs/messages/fast-refresh-reload
 ✓ Compiled /middleware in 208ms (72 modules)
 ✓ Compiled /login in 290ms (2820 modules)
 GET /login?from=%2Fchat 200 in 461ms
 GET /login?from=%2Fsettings 200 in 461ms
 ○ Compiling /_not-found ...
 ✓ Compiled /_not-found in 680ms (2855 modules)
 GET /favicon.ico 200 in 524ms
 GET /favicon.ico 200 in 832ms
 GET /assets/placeholder-user.jpg 404 in 800ms
 GET /assets/placeholder-user.jpg 404 in 369ms
 GET /favicon.ico 200 in 12ms
 ✓ Compiled in 421ms (2855 modules)
 ⚠ Fast Refresh had to perform a full reload. Read more: https://nextjs.org/docs/messages/fast-refresh-reload
 ⚠ Fast Refresh had to perform a full reload. Read more: https://nextjs.org/docs/messages/fast-refresh-reload
 GET /login?from=%2Fchat 200 in 120ms
 GET /login?from=%2Fsettings 200 in 127ms
 GET /favicon.ico 200 in 27ms
 GET /favicon.ico 200 in 12ms
 GET /assets/placeholder-user.jpg 404 in 196ms
 GET /favicon.ico 200 in 29ms
 GET /assets/placeholder-user.jpg 404 in 31ms
 ✓ Compiled in 496ms (2855 modules)
 ⚠ Fast Refresh had to perform a full reload. Read more: https://nextjs.org/docs/messages/fast-refresh-reload
 ⚠ Fast Refresh had to perform a full reload. Read more: https://nextjs.org/docs/messages/fast-refresh-reload
 GET /login?from=%2Fchat 200 in 280ms
 GET /login?from=%2Fsettings 200 in 302ms
 GET /favicon.ico 200 in 49ms
 GET /favicon.ico 200 in 27ms
 GET /assets/placeholder-user.jpg 404 in 59ms
 GET /favicon.ico 200 in 18ms
 GET /assets/placeholder-user.jpg 404 in 44ms
 ✓ Compiled in 781ms (1408 modules)
 ✓ Compiled in 1125ms (2748 modules)
 ✓ Compiled in 724ms (1365 modules)
 ✓ Compiled in 373ms (590 modules)
 ✓ Compiled in 250ms (288 modules)
[?25h
